<?xml version="1.0" encoding="UTF-8"?>
<testng-results skipped="0" failed="0" ignored="0" total="1" passed="1">
  <reporter-output>
  </reporter-output>
  <suite name="Default suite" duration-ms="2600" started-at="2021-07-28T18:18:30Z" finished-at="2021-07-28T18:18:33Z">
    <groups>
    </groups>
    <test name="Default test" duration-ms="2600" started-at="2021-07-28T18:18:30Z" finished-at="2021-07-28T18:18:33Z">
      <class name="studentApiTest.PostAPITest">
        <test-method status="PASS" signature="baseTest()[pri:0, instance:studentApiTest.PostAPITest@31ef45e3]" name="baseTest" is-config="true" duration-ms="478" started-at="2021-07-28T18:18:31Z" finished-at="2021-07-28T18:18:31Z">
          <reporter-output>
          </reporter-output>
        </test-method> <!-- baseTest -->
        <test-method status="PASS" signature="validpostAPITest()[pri:0, instance:studentApiTest.PostAPITest@31ef45e3]" name="validpostAPITest" duration-ms="1891" started-at="2021-07-28T18:18:31Z" finished-at="2021-07-28T18:18:33Z">
          <reporter-output>
          </reporter-output>
        </test-method> <!-- validpostAPITest -->
      </class> <!-- studentApiTest.PostAPITest -->
    </test> <!-- Default test -->
  </suite> <!-- Default suite -->
</testng-results>
